<?xml version="1.0" encoding="UTF-8"?>
<!-- Generated by org.testng.reporters.JUnitReportReporter -->
<testsuite skipped="0" hostname="DESKTOP-3KA80RE" name="TestMaven.mavenTestDemo" tests="3" failures="0" timestamp="2020-01-09T14:05:11 IST" time="0.011" errors="0">
  <testcase name="mult" time="0.001" classname="TestMaven.mavenTestDemo"/>
  <testcase name="sub" time="0.001" classname="TestMaven.mavenTestDemo"/>
  <testcase name="add" time="0.009" classname="TestMaven.mavenTestDemo"/>
</testsuite> <!-- TestMaven.mavenTestDemo -->
